--------------------------------------------------------------------------------
CPU name:	Intel(R) Core(TM) i5-7500 CPU @ 3.40GHz
CPU type:	Intel Coffeelake processor
CPU clock:	3.41 GHz
--------------------------------------------------------------------------------
--------------------------------------------------------------------------------
Region Teste_LIKWID, Group 1: FLOPS_DP
+-------------------+----------+
|    Region Info    |  Core 3  |
+-------------------+----------+
| RDTSC Runtime [s] | 0.000001 |
|     call count    |        1 |
+-------------------+----------+

+------------------------------------------+---------+--------+
|                   Event                  | Counter | Core 3 |
+------------------------------------------+---------+--------+
|             INSTR_RETIRED_ANY            |  FIXC0  |   4376 |
|           CPU_CLK_UNHALTED_CORE          |  FIXC1  |  12726 |
|           CPU_CLK_UNHALTED_REF           |  FIXC2  |  11786 |
| FP_ARITH_INST_RETIRED_128B_PACKED_DOUBLE |   PMC0  |      0 |
|    FP_ARITH_INST_RETIRED_SCALAR_DOUBLE   |   PMC1  |     10 |
| FP_ARITH_INST_RETIRED_256B_PACKED_DOUBLE |   PMC2  |      0 |
+------------------------------------------+---------+--------+

+----------------------+--------------+
|        Metric        |    Core 3    |
+----------------------+--------------+
|  Runtime (RDTSC) [s] | 5.228827e-07 |
| Runtime unhalted [s] | 3.734123e-06 |
|      Clock [MHz]     |    3679.8385 |
|          CPI         |       2.9081 |
|      DP MFLOP/s      |      19.1247 |
|    AVX DP MFLOP/s    |            0 |
|    Packed MUOPS/s    |            0 |
|    Scalar MUOPS/s    |      19.1247 |
|  Vectorization ratio |            0 |
+----------------------+--------------+

